The target system is: Arduino -  - 
The host system is: Linux - 4.13.0-36-generic - x86_64
Compiling the C compiler identification source file "CMakeCCompilerId.c" succeeded.
Compiler: /usr/bin/avr-gcc 
Build flags: 
Id flags: 

The output was:
0


Compilation of the C compiler identification source "CMakeCCompilerId.c" produced "a.out"

The C compiler identification is GNU, found in "/home/jameshoi/ROS/smartcar/build/smartcar/helloworld/firmware/CMakeFiles/3.5.1/CompilerIdC/a.out"

Compiling the CXX compiler identification source file "CMakeCXXCompilerId.cpp" succeeded.
Compiler: /usr/bin/avr-g++ 
Build flags: 
Id flags: 

The output was:
0


Compilation of the CXX compiler identification source "CMakeCXXCompilerId.cpp" produced "a.out"

The CXX compiler identification is GNU, found in "/home/jameshoi/ROS/smartcar/build/smartcar/helloworld/firmware/CMakeFiles/3.5.1/CompilerIdCXX/a.out"

Determining if the C compiler works passed with the following output:
Change Dir: /home/jameshoi/ROS/smartcar/build/smartcar/helloworld/firmware/CMakeFiles/CMakeTmp

Run Build Command:"/usr/bin/make" "cmTC_a0e3f/fast"
make[4]: Entering directory '/home/jameshoi/ROS/smartcar/build/smartcar/helloworld/firmware/CMakeFiles/CMakeTmp'
/usr/bin/make -f CMakeFiles/cmTC_a0e3f.dir/build.make CMakeFiles/cmTC_a0e3f.dir/build
make[5]: Entering directory '/home/jameshoi/ROS/smartcar/build/smartcar/helloworld/firmware/CMakeFiles/CMakeTmp'
Building C object CMakeFiles/cmTC_a0e3f.dir/testCCompiler.c.obj
/usr/bin/avr-gcc    -g -Os       -mcall-prologues -ffunction-sections -fdata-sections    -o CMakeFiles/cmTC_a0e3f.dir/testCCompiler.c.obj   -c /home/jameshoi/ROS/smartcar/build/smartcar/helloworld/firmware/CMakeFiles/CMakeTmp/testCCompiler.c
Linking C executable cmTC_a0e3f
/usr/bin/cmake -E cmake_link_script CMakeFiles/cmTC_a0e3f.dir/link.txt --verbose=1
/usr/bin/avr-gcc  -g -Os       -mcall-prologues -ffunction-sections -fdata-sections   -Wl,--gc-sections -lm  CMakeFiles/cmTC_a0e3f.dir/testCCompiler.c.obj  -o cmTC_a0e3f  
make[5]: Leaving directory '/home/jameshoi/ROS/smartcar/build/smartcar/helloworld/firmware/CMakeFiles/CMakeTmp'
make[4]: Leaving directory '/home/jameshoi/ROS/smartcar/build/smartcar/helloworld/firmware/CMakeFiles/CMakeTmp'


Detecting C compiler ABI info compiled with the following output:
Change Dir: /home/jameshoi/ROS/smartcar/build/smartcar/helloworld/firmware/CMakeFiles/CMakeTmp

Run Build Command:"/usr/bin/make" "cmTC_f8e1c/fast"
make[4]: Entering directory '/home/jameshoi/ROS/smartcar/build/smartcar/helloworld/firmware/CMakeFiles/CMakeTmp'
/usr/bin/make -f CMakeFiles/cmTC_f8e1c.dir/build.make CMakeFiles/cmTC_f8e1c.dir/build
make[5]: Entering directory '/home/jameshoi/ROS/smartcar/build/smartcar/helloworld/firmware/CMakeFiles/CMakeTmp'
Building C object CMakeFiles/cmTC_f8e1c.dir/CMakeCCompilerABI.c.obj
/usr/bin/avr-gcc    -g -Os       -mcall-prologues -ffunction-sections -fdata-sections    -o CMakeFiles/cmTC_f8e1c.dir/CMakeCCompilerABI.c.obj   -c /usr/share/cmake-3.5/Modules/CMakeCCompilerABI.c
Linking C executable cmTC_f8e1c
/usr/bin/cmake -E cmake_link_script CMakeFiles/cmTC_f8e1c.dir/link.txt --verbose=1
/usr/bin/avr-gcc  -g -Os       -mcall-prologues -ffunction-sections -fdata-sections   -Wl,--gc-sections -lm -v CMakeFiles/cmTC_f8e1c.dir/CMakeCCompilerABI.c.obj  -o cmTC_f8e1c   
Using built-in specs.
Reading specs from /usr/lib/gcc/avr/4.9.2/device-specs/specs-avr2
COLLECT_GCC=/usr/bin/avr-gcc
COLLECT_LTO_WRAPPER=/usr/lib/gcc/avr/4.9.2/lto-wrapper
Target: avr
Configured with: ../src/configure -v --enable-languages=c,c++ --prefix=/usr/lib --infodir=/usr/share/info --mandir=/usr/share/man --bindir=/usr/bin --libexecdir=/usr/lib --libdir=/usr/lib --enable-shared --with-system-zlib --enable-long-long --enable-nls --without-included-gettext --disable-libssp --build=x86_64-linux-gnu --host=x86_64-linux-gnu --target=avr CFLAGS='-g -O2 -fstack-protector-strong -Wformat ' CPPFLAGS=-D_FORTIFY_SOURCE=2 CXXFLAGS='-g -O2 -fstack-protector-strong -Wformat ' FCFLAGS='-g -O2 -fstack-protector-strong' FFLAGS='-g -O2 -fstack-protector-strong' GCJFLAGS='-g -O2 -fstack-protector-strong' LDFLAGS='-Wl,-Bsymbolic-functions -Wl,-z,relro' OBJCFLAGS='-g -O2 -fstack-protector-strong -Wformat ' OBJCXXFLAGS='-g -O2 -fstack-protector-strong -Wformat '
Thread model: single
gcc version 4.9.2 (GCC) 
COMPILER_PATH=/usr/lib/gcc/avr/4.9.2/:/usr/lib/gcc/avr/4.9.2/:/usr/lib/gcc/avr/:/usr/lib/gcc/avr/4.9.2/:/usr/lib/gcc/avr/:/usr/lib/gcc/avr/4.9.2/../../../avr/bin/
LIBRARY_PATH=/usr/lib/gcc/avr/4.9.2/:/usr/lib/gcc/avr/4.9.2/../../../avr/lib/
COLLECT_GCC_OPTIONS='-g' '-Os' '-mcall-prologues' '-ffunction-sections' '-fdata-sections' '-v' '-o' 'cmTC_f8e1c' '-specs=device-specs/specs-avr2'
 /usr/lib/gcc/avr/4.9.2/collect2 -plugin /usr/lib/gcc/avr/4.9.2/liblto_plugin.so -plugin-opt=/usr/lib/gcc/avr/4.9.2/lto-wrapper -plugin-opt=-fresolution=/tmp/ccTfSaX9.res -plugin-opt=-pass-through=-lgcc -plugin-opt=-pass-through=-lm -plugin-opt=-pass-through=-lc -o cmTC_f8e1c -L/usr/lib/gcc/avr/4.9.2 -L/usr/lib/gcc/avr/4.9.2/../../../avr/lib --gc-sections -lm CMakeFiles/cmTC_f8e1c.dir/CMakeCCompilerABI.c.obj --start-group -lgcc -lm -lc --end-group
make[5]: Leaving directory '/home/jameshoi/ROS/smartcar/build/smartcar/helloworld/firmware/CMakeFiles/CMakeTmp'
make[4]: Leaving directory '/home/jameshoi/ROS/smartcar/build/smartcar/helloworld/firmware/CMakeFiles/CMakeTmp'


Parsed C implicit link information from above output:
  link line regex: [^( *|.*[/\])(avr-ld|([^/\]+-)?ld|collect2)[^/\]*( |$)]
  ignore line: [Change Dir: /home/jameshoi/ROS/smartcar/build/smartcar/helloworld/firmware/CMakeFiles/CMakeTmp]
  ignore line: []
  ignore line: [Run Build Command:"/usr/bin/make" "cmTC_f8e1c/fast"]
  ignore line: [make[4]: Entering directory '/home/jameshoi/ROS/smartcar/build/smartcar/helloworld/firmware/CMakeFiles/CMakeTmp']
  ignore line: [/usr/bin/make -f CMakeFiles/cmTC_f8e1c.dir/build.make CMakeFiles/cmTC_f8e1c.dir/build]
  ignore line: [make[5]: Entering directory '/home/jameshoi/ROS/smartcar/build/smartcar/helloworld/firmware/CMakeFiles/CMakeTmp']
  ignore line: [Building C object CMakeFiles/cmTC_f8e1c.dir/CMakeCCompilerABI.c.obj]
  ignore line: [/usr/bin/avr-gcc    -g -Os       -mcall-prologues -ffunction-sections -fdata-sections    -o CMakeFiles/cmTC_f8e1c.dir/CMakeCCompilerABI.c.obj   -c /usr/share/cmake-3.5/Modules/CMakeCCompilerABI.c]
  ignore line: [Linking C executable cmTC_f8e1c]
  ignore line: [/usr/bin/cmake -E cmake_link_script CMakeFiles/cmTC_f8e1c.dir/link.txt --verbose=1]
  ignore line: [/usr/bin/avr-gcc  -g -Os       -mcall-prologues -ffunction-sections -fdata-sections   -Wl,--gc-sections -lm -v CMakeFiles/cmTC_f8e1c.dir/CMakeCCompilerABI.c.obj  -o cmTC_f8e1c   ]
  ignore line: [Using built-in specs.]
  ignore line: [Reading specs from /usr/lib/gcc/avr/4.9.2/device-specs/specs-avr2]
  ignore line: [COLLECT_GCC=/usr/bin/avr-gcc]
  ignore line: [COLLECT_LTO_WRAPPER=/usr/lib/gcc/avr/4.9.2/lto-wrapper]
  ignore line: [Target: avr]
  ignore line: [Configured with: ../src/configure -v --enable-languages=c,c++ --prefix=/usr/lib --infodir=/usr/share/info --mandir=/usr/share/man --bindir=/usr/bin --libexecdir=/usr/lib --libdir=/usr/lib --enable-shared --with-system-zlib --enable-long-long --enable-nls --without-included-gettext --disable-libssp --build=x86_64-linux-gnu --host=x86_64-linux-gnu --target=avr CFLAGS='-g -O2 -fstack-protector-strong -Wformat ' CPPFLAGS=-D_FORTIFY_SOURCE=2 CXXFLAGS='-g -O2 -fstack-protector-strong -Wformat ' FCFLAGS='-g -O2 -fstack-protector-strong' FFLAGS='-g -O2 -fstack-protector-strong' GCJFLAGS='-g -O2 -fstack-protector-strong' LDFLAGS='-Wl,-Bsymbolic-functions -Wl,-z,relro' OBJCFLAGS='-g -O2 -fstack-protector-strong -Wformat ' OBJCXXFLAGS='-g -O2 -fstack-protector-strong -Wformat ']
  ignore line: [Thread model: single]
  ignore line: [gcc version 4.9.2 (GCC) ]
  ignore line: [COMPILER_PATH=/usr/lib/gcc/avr/4.9.2/:/usr/lib/gcc/avr/4.9.2/:/usr/lib/gcc/avr/:/usr/lib/gcc/avr/4.9.2/:/usr/lib/gcc/avr/:/usr/lib/gcc/avr/4.9.2/../../../avr/bin/]
  ignore line: [LIBRARY_PATH=/usr/lib/gcc/avr/4.9.2/:/usr/lib/gcc/avr/4.9.2/../../../avr/lib/]
  ignore line: [COLLECT_GCC_OPTIONS='-g' '-Os' '-mcall-prologues' '-ffunction-sections' '-fdata-sections' '-v' '-o' 'cmTC_f8e1c' '-specs=device-specs/specs-avr2']
  link line: [ /usr/lib/gcc/avr/4.9.2/collect2 -plugin /usr/lib/gcc/avr/4.9.2/liblto_plugin.so -plugin-opt=/usr/lib/gcc/avr/4.9.2/lto-wrapper -plugin-opt=-fresolution=/tmp/ccTfSaX9.res -plugin-opt=-pass-through=-lgcc -plugin-opt=-pass-through=-lm -plugin-opt=-pass-through=-lc -o cmTC_f8e1c -L/usr/lib/gcc/avr/4.9.2 -L/usr/lib/gcc/avr/4.9.2/../../../avr/lib --gc-sections -lm CMakeFiles/cmTC_f8e1c.dir/CMakeCCompilerABI.c.obj --start-group -lgcc -lm -lc --end-group]
    arg [/usr/lib/gcc/avr/4.9.2/collect2] ==> ignore
    arg [-plugin] ==> ignore
    arg [/usr/lib/gcc/avr/4.9.2/liblto_plugin.so] ==> ignore
    arg [-plugin-opt=/usr/lib/gcc/avr/4.9.2/lto-wrapper] ==> ignore
    arg [-plugin-opt=-fresolution=/tmp/ccTfSaX9.res] ==> ignore
    arg [-plugin-opt=-pass-through=-lgcc] ==> ignore
    arg [-plugin-opt=-pass-through=-lm] ==> ignore
    arg [-plugin-opt=-pass-through=-lc] ==> ignore
    arg [-o] ==> ignore
    arg [cmTC_f8e1c] ==> ignore
    arg [-L/usr/lib/gcc/avr/4.9.2] ==> dir [/usr/lib/gcc/avr/4.9.2]
    arg [-L/usr/lib/gcc/avr/4.9.2/../../../avr/lib] ==> dir [/usr/lib/gcc/avr/4.9.2/../../../avr/lib]
    arg [--gc-sections] ==> ignore
    arg [-lm] ==> lib [m]
    arg [CMakeFiles/cmTC_f8e1c.dir/CMakeCCompilerABI.c.obj] ==> ignore
    arg [--start-group] ==> ignore
    arg [-lgcc] ==> lib [gcc]
    arg [-lm] ==> lib [m]
    arg [-lc] ==> lib [c]
    arg [--end-group] ==> ignore
  remove lib [gcc]
  collapse library dir [/usr/lib/gcc/avr/4.9.2] ==> [/usr/lib/gcc/avr/4.9.2]
  collapse library dir [/usr/lib/gcc/avr/4.9.2/../../../avr/lib] ==> [/usr/lib/avr/lib]
  implicit libs: [m;m;c]
  implicit dirs: [/usr/lib/gcc/avr/4.9.2;/usr/lib/avr/lib]
  implicit fwks: []




Detecting C [-std=c11] compiler features compiled with the following output:
Change Dir: /home/jameshoi/ROS/smartcar/build/smartcar/helloworld/firmware/CMakeFiles/CMakeTmp

Run Build Command:"/usr/bin/make" "cmTC_2d5b4/fast"
make[4]: Entering directory '/home/jameshoi/ROS/smartcar/build/smartcar/helloworld/firmware/CMakeFiles/CMakeTmp'
/usr/bin/make -f CMakeFiles/cmTC_2d5b4.dir/build.make CMakeFiles/cmTC_2d5b4.dir/build
make[5]: Entering directory '/home/jameshoi/ROS/smartcar/build/smartcar/helloworld/firmware/CMakeFiles/CMakeTmp'
Building C object CMakeFiles/cmTC_2d5b4.dir/feature_tests.c.obj
/usr/bin/avr-gcc    -g -Os       -mcall-prologues -ffunction-sections -fdata-sections    -std=c11 -o CMakeFiles/cmTC_2d5b4.dir/feature_tests.c.obj   -c /home/jameshoi/ROS/smartcar/build/smartcar/helloworld/firmware/CMakeFiles/feature_tests.c
Linking C executable cmTC_2d5b4
/usr/bin/cmake -E cmake_link_script CMakeFiles/cmTC_2d5b4.dir/link.txt --verbose=1
/usr/bin/avr-gcc  -g -Os       -mcall-prologues -ffunction-sections -fdata-sections   -Wl,--gc-sections -lm  CMakeFiles/cmTC_2d5b4.dir/feature_tests.c.obj  -o cmTC_2d5b4  
make[5]: Leaving directory '/home/jameshoi/ROS/smartcar/build/smartcar/helloworld/firmware/CMakeFiles/CMakeTmp'
make[4]: Leaving directory '/home/jameshoi/ROS/smartcar/build/smartcar/helloworld/firmware/CMakeFiles/CMakeTmp'




Detecting C [-std=c99] compiler features compiled with the following output:
Change Dir: /home/jameshoi/ROS/smartcar/build/smartcar/helloworld/firmware/CMakeFiles/CMakeTmp

Run Build Command:"/usr/bin/make" "cmTC_78011/fast"
make[4]: Entering directory '/home/jameshoi/ROS/smartcar/build/smartcar/helloworld/firmware/CMakeFiles/CMakeTmp'
/usr/bin/make -f CMakeFiles/cmTC_78011.dir/build.make CMakeFiles/cmTC_78011.dir/build
make[5]: Entering directory '/home/jameshoi/ROS/smartcar/build/smartcar/helloworld/firmware/CMakeFiles/CMakeTmp'
Building C object CMakeFiles/cmTC_78011.dir/feature_tests.c.obj
/usr/bin/avr-gcc    -g -Os       -mcall-prologues -ffunction-sections -fdata-sections    -std=c99 -o CMakeFiles/cmTC_78011.dir/feature_tests.c.obj   -c /home/jameshoi/ROS/smartcar/build/smartcar/helloworld/firmware/CMakeFiles/feature_tests.c
Linking C executable cmTC_78011
/usr/bin/cmake -E cmake_link_script CMakeFiles/cmTC_78011.dir/link.txt --verbose=1
/usr/bin/avr-gcc  -g -Os       -mcall-prologues -ffunction-sections -fdata-sections   -Wl,--gc-sections -lm  CMakeFiles/cmTC_78011.dir/feature_tests.c.obj  -o cmTC_78011  
make[5]: Leaving directory '/home/jameshoi/ROS/smartcar/build/smartcar/helloworld/firmware/CMakeFiles/CMakeTmp'
make[4]: Leaving directory '/home/jameshoi/ROS/smartcar/build/smartcar/helloworld/firmware/CMakeFiles/CMakeTmp'




Detecting C [-std=c90] compiler features compiled with the following output:
Change Dir: /home/jameshoi/ROS/smartcar/build/smartcar/helloworld/firmware/CMakeFiles/CMakeTmp

Run Build Command:"/usr/bin/make" "cmTC_cb345/fast"
make[4]: Entering directory '/home/jameshoi/ROS/smartcar/build/smartcar/helloworld/firmware/CMakeFiles/CMakeTmp'
/usr/bin/make -f CMakeFiles/cmTC_cb345.dir/build.make CMakeFiles/cmTC_cb345.dir/build
make[5]: Entering directory '/home/jameshoi/ROS/smartcar/build/smartcar/helloworld/firmware/CMakeFiles/CMakeTmp'
Building C object CMakeFiles/cmTC_cb345.dir/feature_tests.c.obj
/usr/bin/avr-gcc    -g -Os       -mcall-prologues -ffunction-sections -fdata-sections    -std=c90 -o CMakeFiles/cmTC_cb345.dir/feature_tests.c.obj   -c /home/jameshoi/ROS/smartcar/build/smartcar/helloworld/firmware/CMakeFiles/feature_tests.c
Linking C executable cmTC_cb345
/usr/bin/cmake -E cmake_link_script CMakeFiles/cmTC_cb345.dir/link.txt --verbose=1
/usr/bin/avr-gcc  -g -Os       -mcall-prologues -ffunction-sections -fdata-sections   -Wl,--gc-sections -lm  CMakeFiles/cmTC_cb345.dir/feature_tests.c.obj  -o cmTC_cb345  
make[5]: Leaving directory '/home/jameshoi/ROS/smartcar/build/smartcar/helloworld/firmware/CMakeFiles/CMakeTmp'
make[4]: Leaving directory '/home/jameshoi/ROS/smartcar/build/smartcar/helloworld/firmware/CMakeFiles/CMakeTmp'


Determining if the CXX compiler works passed with the following output:
Change Dir: /home/jameshoi/ROS/smartcar/build/smartcar/helloworld/firmware/CMakeFiles/CMakeTmp

Run Build Command:"/usr/bin/make" "cmTC_9b839/fast"
make[4]: Entering directory '/home/jameshoi/ROS/smartcar/build/smartcar/helloworld/firmware/CMakeFiles/CMakeTmp'
/usr/bin/make -f CMakeFiles/cmTC_9b839.dir/build.make CMakeFiles/cmTC_9b839.dir/build
make[5]: Entering directory '/home/jameshoi/ROS/smartcar/build/smartcar/helloworld/firmware/CMakeFiles/CMakeTmp'
Building CXX object CMakeFiles/cmTC_9b839.dir/testCXXCompiler.cxx.obj
/usr/bin/avr-g++     -g -Os       -mcall-prologues -ffunction-sections -fdata-sections -fno-exceptions    -o CMakeFiles/cmTC_9b839.dir/testCXXCompiler.cxx.obj -c /home/jameshoi/ROS/smartcar/build/smartcar/helloworld/firmware/CMakeFiles/CMakeTmp/testCXXCompiler.cxx
Linking CXX executable cmTC_9b839
/usr/bin/cmake -E cmake_link_script CMakeFiles/cmTC_9b839.dir/link.txt --verbose=1
/usr/bin/avr-g++   -g -Os       -mcall-prologues -ffunction-sections -fdata-sections -fno-exceptions   -Wl,--gc-sections -lm  CMakeFiles/cmTC_9b839.dir/testCXXCompiler.cxx.obj  -o cmTC_9b839  
make[5]: Leaving directory '/home/jameshoi/ROS/smartcar/build/smartcar/helloworld/firmware/CMakeFiles/CMakeTmp'
make[4]: Leaving directory '/home/jameshoi/ROS/smartcar/build/smartcar/helloworld/firmware/CMakeFiles/CMakeTmp'


Detecting CXX compiler ABI info compiled with the following output:
Change Dir: /home/jameshoi/ROS/smartcar/build/smartcar/helloworld/firmware/CMakeFiles/CMakeTmp

Run Build Command:"/usr/bin/make" "cmTC_0febe/fast"
make[4]: Entering directory '/home/jameshoi/ROS/smartcar/build/smartcar/helloworld/firmware/CMakeFiles/CMakeTmp'
/usr/bin/make -f CMakeFiles/cmTC_0febe.dir/build.make CMakeFiles/cmTC_0febe.dir/build
make[5]: Entering directory '/home/jameshoi/ROS/smartcar/build/smartcar/helloworld/firmware/CMakeFiles/CMakeTmp'
Building CXX object CMakeFiles/cmTC_0febe.dir/CMakeCXXCompilerABI.cpp.obj
/usr/bin/avr-g++     -g -Os       -mcall-prologues -ffunction-sections -fdata-sections -fno-exceptions    -o CMakeFiles/cmTC_0febe.dir/CMakeCXXCompilerABI.cpp.obj -c /usr/share/cmake-3.5/Modules/CMakeCXXCompilerABI.cpp
Linking CXX executable cmTC_0febe
/usr/bin/cmake -E cmake_link_script CMakeFiles/cmTC_0febe.dir/link.txt --verbose=1
/usr/bin/avr-g++   -g -Os       -mcall-prologues -ffunction-sections -fdata-sections -fno-exceptions   -Wl,--gc-sections -lm -v CMakeFiles/cmTC_0febe.dir/CMakeCXXCompilerABI.cpp.obj  -o cmTC_0febe   
Using built-in specs.
Reading specs from /usr/lib/gcc/avr/4.9.2/device-specs/specs-avr2
COLLECT_GCC=/usr/bin/avr-g++
COLLECT_LTO_WRAPPER=/usr/lib/gcc/avr/4.9.2/lto-wrapper
Target: avr
Configured with: ../src/configure -v --enable-languages=c,c++ --prefix=/usr/lib --infodir=/usr/share/info --mandir=/usr/share/man --bindir=/usr/bin --libexecdir=/usr/lib --libdir=/usr/lib --enable-shared --with-system-zlib --enable-long-long --enable-nls --without-included-gettext --disable-libssp --build=x86_64-linux-gnu --host=x86_64-linux-gnu --target=avr CFLAGS='-g -O2 -fstack-protector-strong -Wformat ' CPPFLAGS=-D_FORTIFY_SOURCE=2 CXXFLAGS='-g -O2 -fstack-protector-strong -Wformat ' FCFLAGS='-g -O2 -fstack-protector-strong' FFLAGS='-g -O2 -fstack-protector-strong' GCJFLAGS='-g -O2 -fstack-protector-strong' LDFLAGS='-Wl,-Bsymbolic-functions -Wl,-z,relro' OBJCFLAGS='-g -O2 -fstack-protector-strong -Wformat ' OBJCXXFLAGS='-g -O2 -fstack-protector-strong -Wformat '
Thread model: single
gcc version 4.9.2 (GCC) 
COMPILER_PATH=/usr/lib/gcc/avr/4.9.2/:/usr/lib/gcc/avr/4.9.2/:/usr/lib/gcc/avr/:/usr/lib/gcc/avr/4.9.2/:/usr/lib/gcc/avr/:/usr/lib/gcc/avr/4.9.2/../../../avr/bin/
LIBRARY_PATH=/usr/lib/gcc/avr/4.9.2/:/usr/lib/gcc/avr/4.9.2/../../../avr/lib/
COLLECT_GCC_OPTIONS='-g' '-Os' '-mcall-prologues' '-ffunction-sections' '-fdata-sections' '-fno-exceptions' '-v' '-o' 'cmTC_0febe' '-specs=device-specs/specs-avr2'
 /usr/lib/gcc/avr/4.9.2/collect2 -plugin /usr/lib/gcc/avr/4.9.2/liblto_plugin.so -plugin-opt=/usr/lib/gcc/avr/4.9.2/lto-wrapper -plugin-opt=-fresolution=/tmp/ccn56a0i.res -plugin-opt=-pass-through=-lgcc -plugin-opt=-pass-through=-lm -plugin-opt=-pass-through=-lc -o cmTC_0febe -L/usr/lib/gcc/avr/4.9.2 -L/usr/lib/gcc/avr/4.9.2/../../../avr/lib --gc-sections CMakeFiles/cmTC_0febe.dir/CMakeCXXCompilerABI.cpp.obj -lgcc -lm --start-group -lgcc -lm -lc --end-group
make[5]: Leaving directory '/home/jameshoi/ROS/smartcar/build/smartcar/helloworld/firmware/CMakeFiles/CMakeTmp'
make[4]: Leaving directory '/home/jameshoi/ROS/smartcar/build/smartcar/helloworld/firmware/CMakeFiles/CMakeTmp'


Parsed CXX implicit link information from above output:
  link line regex: [^( *|.*[/\])(avr-ld|([^/\]+-)?ld|collect2)[^/\]*( |$)]
  ignore line: [Change Dir: /home/jameshoi/ROS/smartcar/build/smartcar/helloworld/firmware/CMakeFiles/CMakeTmp]
  ignore line: []
  ignore line: [Run Build Command:"/usr/bin/make" "cmTC_0febe/fast"]
  ignore line: [make[4]: Entering directory '/home/jameshoi/ROS/smartcar/build/smartcar/helloworld/firmware/CMakeFiles/CMakeTmp']
  ignore line: [/usr/bin/make -f CMakeFiles/cmTC_0febe.dir/build.make CMakeFiles/cmTC_0febe.dir/build]
  ignore line: [make[5]: Entering directory '/home/jameshoi/ROS/smartcar/build/smartcar/helloworld/firmware/CMakeFiles/CMakeTmp']
  ignore line: [Building CXX object CMakeFiles/cmTC_0febe.dir/CMakeCXXCompilerABI.cpp.obj]
  ignore line: [/usr/bin/avr-g++     -g -Os       -mcall-prologues -ffunction-sections -fdata-sections -fno-exceptions    -o CMakeFiles/cmTC_0febe.dir/CMakeCXXCompilerABI.cpp.obj -c /usr/share/cmake-3.5/Modules/CMakeCXXCompilerABI.cpp]
  ignore line: [Linking CXX executable cmTC_0febe]
  ignore line: [/usr/bin/cmake -E cmake_link_script CMakeFiles/cmTC_0febe.dir/link.txt --verbose=1]
  ignore line: [/usr/bin/avr-g++   -g -Os       -mcall-prologues -ffunction-sections -fdata-sections -fno-exceptions   -Wl,--gc-sections -lm -v CMakeFiles/cmTC_0febe.dir/CMakeCXXCompilerABI.cpp.obj  -o cmTC_0febe   ]
  ignore line: [Using built-in specs.]
  ignore line: [Reading specs from /usr/lib/gcc/avr/4.9.2/device-specs/specs-avr2]
  ignore line: [COLLECT_GCC=/usr/bin/avr-g++]
  ignore line: [COLLECT_LTO_WRAPPER=/usr/lib/gcc/avr/4.9.2/lto-wrapper]
  ignore line: [Target: avr]
  ignore line: [Configured with: ../src/configure -v --enable-languages=c,c++ --prefix=/usr/lib --infodir=/usr/share/info --mandir=/usr/share/man --bindir=/usr/bin --libexecdir=/usr/lib --libdir=/usr/lib --enable-shared --with-system-zlib --enable-long-long --enable-nls --without-included-gettext --disable-libssp --build=x86_64-linux-gnu --host=x86_64-linux-gnu --target=avr CFLAGS='-g -O2 -fstack-protector-strong -Wformat ' CPPFLAGS=-D_FORTIFY_SOURCE=2 CXXFLAGS='-g -O2 -fstack-protector-strong -Wformat ' FCFLAGS='-g -O2 -fstack-protector-strong' FFLAGS='-g -O2 -fstack-protector-strong' GCJFLAGS='-g -O2 -fstack-protector-strong' LDFLAGS='-Wl,-Bsymbolic-functions -Wl,-z,relro' OBJCFLAGS='-g -O2 -fstack-protector-strong -Wformat ' OBJCXXFLAGS='-g -O2 -fstack-protector-strong -Wformat ']
  ignore line: [Thread model: single]
  ignore line: [gcc version 4.9.2 (GCC) ]
  ignore line: [COMPILER_PATH=/usr/lib/gcc/avr/4.9.2/:/usr/lib/gcc/avr/4.9.2/:/usr/lib/gcc/avr/:/usr/lib/gcc/avr/4.9.2/:/usr/lib/gcc/avr/:/usr/lib/gcc/avr/4.9.2/../../../avr/bin/]
  ignore line: [LIBRARY_PATH=/usr/lib/gcc/avr/4.9.2/:/usr/lib/gcc/avr/4.9.2/../../../avr/lib/]
  ignore line: [COLLECT_GCC_OPTIONS='-g' '-Os' '-mcall-prologues' '-ffunction-sections' '-fdata-sections' '-fno-exceptions' '-v' '-o' 'cmTC_0febe' '-specs=device-specs/specs-avr2']
  link line: [ /usr/lib/gcc/avr/4.9.2/collect2 -plugin /usr/lib/gcc/avr/4.9.2/liblto_plugin.so -plugin-opt=/usr/lib/gcc/avr/4.9.2/lto-wrapper -plugin-opt=-fresolution=/tmp/ccn56a0i.res -plugin-opt=-pass-through=-lgcc -plugin-opt=-pass-through=-lm -plugin-opt=-pass-through=-lc -o cmTC_0febe -L/usr/lib/gcc/avr/4.9.2 -L/usr/lib/gcc/avr/4.9.2/../../../avr/lib --gc-sections CMakeFiles/cmTC_0febe.dir/CMakeCXXCompilerABI.cpp.obj -lgcc -lm --start-group -lgcc -lm -lc --end-group]
    arg [/usr/lib/gcc/avr/4.9.2/collect2] ==> ignore
    arg [-plugin] ==> ignore
    arg [/usr/lib/gcc/avr/4.9.2/liblto_plugin.so] ==> ignore
    arg [-plugin-opt=/usr/lib/gcc/avr/4.9.2/lto-wrapper] ==> ignore
    arg [-plugin-opt=-fresolution=/tmp/ccn56a0i.res] ==> ignore
    arg [-plugin-opt=-pass-through=-lgcc] ==> ignore
    arg [-plugin-opt=-pass-through=-lm] ==> ignore
    arg [-plugin-opt=-pass-through=-lc] ==> ignore
    arg [-o] ==> ignore
    arg [cmTC_0febe] ==> ignore
    arg [-L/usr/lib/gcc/avr/4.9.2] ==> dir [/usr/lib/gcc/avr/4.9.2]
    arg [-L/usr/lib/gcc/avr/4.9.2/../../../avr/lib] ==> dir [/usr/lib/gcc/avr/4.9.2/../../../avr/lib]
    arg [--gc-sections] ==> ignore
    arg [CMakeFiles/cmTC_0febe.dir/CMakeCXXCompilerABI.cpp.obj] ==> ignore
    arg [-lgcc] ==> lib [gcc]
    arg [-lm] ==> lib [m]
    arg [--start-group] ==> ignore
    arg [-lgcc] ==> lib [gcc]
    arg [-lm] ==> lib [m]
    arg [-lc] ==> lib [c]
    arg [--end-group] ==> ignore
  remove lib [gcc]
  remove lib [gcc]
  collapse library dir [/usr/lib/gcc/avr/4.9.2] ==> [/usr/lib/gcc/avr/4.9.2]
  collapse library dir [/usr/lib/gcc/avr/4.9.2/../../../avr/lib] ==> [/usr/lib/avr/lib]
  implicit libs: [m;m;c]
  implicit dirs: [/usr/lib/gcc/avr/4.9.2;/usr/lib/avr/lib]
  implicit fwks: []




Detecting CXX [-std=c++14] compiler features compiled with the following output:
Change Dir: /home/jameshoi/ROS/smartcar/build/smartcar/helloworld/firmware/CMakeFiles/CMakeTmp

Run Build Command:"/usr/bin/make" "cmTC_c5017/fast"
make[4]: Entering directory '/home/jameshoi/ROS/smartcar/build/smartcar/helloworld/firmware/CMakeFiles/CMakeTmp'
/usr/bin/make -f CMakeFiles/cmTC_c5017.dir/build.make CMakeFiles/cmTC_c5017.dir/build
make[5]: Entering directory '/home/jameshoi/ROS/smartcar/build/smartcar/helloworld/firmware/CMakeFiles/CMakeTmp'
Building CXX object CMakeFiles/cmTC_c5017.dir/feature_tests.cxx.obj
/usr/bin/avr-g++     -g -Os       -mcall-prologues -ffunction-sections -fdata-sections -fno-exceptions    -std=c++14 -o CMakeFiles/cmTC_c5017.dir/feature_tests.cxx.obj -c /home/jameshoi/ROS/smartcar/build/smartcar/helloworld/firmware/CMakeFiles/feature_tests.cxx
Linking CXX executable cmTC_c5017
/usr/bin/cmake -E cmake_link_script CMakeFiles/cmTC_c5017.dir/link.txt --verbose=1
/usr/bin/avr-g++   -g -Os       -mcall-prologues -ffunction-sections -fdata-sections -fno-exceptions   -Wl,--gc-sections -lm  CMakeFiles/cmTC_c5017.dir/feature_tests.cxx.obj  -o cmTC_c5017  
make[5]: Leaving directory '/home/jameshoi/ROS/smartcar/build/smartcar/helloworld/firmware/CMakeFiles/CMakeTmp'
make[4]: Leaving directory '/home/jameshoi/ROS/smartcar/build/smartcar/helloworld/firmware/CMakeFiles/CMakeTmp'




Detecting CXX [-std=c++11] compiler features compiled with the following output:
Change Dir: /home/jameshoi/ROS/smartcar/build/smartcar/helloworld/firmware/CMakeFiles/CMakeTmp

Run Build Command:"/usr/bin/make" "cmTC_377aa/fast"
make[4]: Entering directory '/home/jameshoi/ROS/smartcar/build/smartcar/helloworld/firmware/CMakeFiles/CMakeTmp'
/usr/bin/make -f CMakeFiles/cmTC_377aa.dir/build.make CMakeFiles/cmTC_377aa.dir/build
make[5]: Entering directory '/home/jameshoi/ROS/smartcar/build/smartcar/helloworld/firmware/CMakeFiles/CMakeTmp'
Building CXX object CMakeFiles/cmTC_377aa.dir/feature_tests.cxx.obj
/usr/bin/avr-g++     -g -Os       -mcall-prologues -ffunction-sections -fdata-sections -fno-exceptions    -std=c++11 -o CMakeFiles/cmTC_377aa.dir/feature_tests.cxx.obj -c /home/jameshoi/ROS/smartcar/build/smartcar/helloworld/firmware/CMakeFiles/feature_tests.cxx
Linking CXX executable cmTC_377aa
/usr/bin/cmake -E cmake_link_script CMakeFiles/cmTC_377aa.dir/link.txt --verbose=1
/usr/bin/avr-g++   -g -Os       -mcall-prologues -ffunction-sections -fdata-sections -fno-exceptions   -Wl,--gc-sections -lm  CMakeFiles/cmTC_377aa.dir/feature_tests.cxx.obj  -o cmTC_377aa  
make[5]: Leaving directory '/home/jameshoi/ROS/smartcar/build/smartcar/helloworld/firmware/CMakeFiles/CMakeTmp'
make[4]: Leaving directory '/home/jameshoi/ROS/smartcar/build/smartcar/helloworld/firmware/CMakeFiles/CMakeTmp'




Detecting CXX [-std=c++98] compiler features compiled with the following output:
Change Dir: /home/jameshoi/ROS/smartcar/build/smartcar/helloworld/firmware/CMakeFiles/CMakeTmp

Run Build Command:"/usr/bin/make" "cmTC_69804/fast"
make[4]: Entering directory '/home/jameshoi/ROS/smartcar/build/smartcar/helloworld/firmware/CMakeFiles/CMakeTmp'
/usr/bin/make -f CMakeFiles/cmTC_69804.dir/build.make CMakeFiles/cmTC_69804.dir/build
make[5]: Entering directory '/home/jameshoi/ROS/smartcar/build/smartcar/helloworld/firmware/CMakeFiles/CMakeTmp'
Building CXX object CMakeFiles/cmTC_69804.dir/feature_tests.cxx.obj
/usr/bin/avr-g++     -g -Os       -mcall-prologues -ffunction-sections -fdata-sections -fno-exceptions    -std=c++98 -o CMakeFiles/cmTC_69804.dir/feature_tests.cxx.obj -c /home/jameshoi/ROS/smartcar/build/smartcar/helloworld/firmware/CMakeFiles/feature_tests.cxx
Linking CXX executable cmTC_69804
/usr/bin/cmake -E cmake_link_script CMakeFiles/cmTC_69804.dir/link.txt --verbose=1
/usr/bin/avr-g++   -g -Os       -mcall-prologues -ffunction-sections -fdata-sections -fno-exceptions   -Wl,--gc-sections -lm  CMakeFiles/cmTC_69804.dir/feature_tests.cxx.obj  -o cmTC_69804  
make[5]: Leaving directory '/home/jameshoi/ROS/smartcar/build/smartcar/helloworld/firmware/CMakeFiles/CMakeTmp'
make[4]: Leaving directory '/home/jameshoi/ROS/smartcar/build/smartcar/helloworld/firmware/CMakeFiles/CMakeTmp'


