Determining if the pthread_create exist failed with the following output:
Change Dir: /home/jameshoi/ROS/smartcar/build/CMakeFiles/CMakeTmp

Run Build Command:"/usr/bin/make" "cmTC_539be/fast"
/usr/bin/make -f CMakeFiles/cmTC_539be.dir/build.make CMakeFiles/cmTC_539be.dir/build
make[1]: Entering directory '/home/jameshoi/ROS/smartcar/build/CMakeFiles/CMakeTmp'
Building C object CMakeFiles/cmTC_539be.dir/CheckSymbolExists.c.o
/usr/bin/cc     -o CMakeFiles/cmTC_539be.dir/CheckSymbolExists.c.o   -c /home/jameshoi/ROS/smartcar/build/CMakeFiles/CMakeTmp/CheckSymbolExists.c
Linking C executable cmTC_539be
/usr/bin/cmake -E cmake_link_script CMakeFiles/cmTC_539be.dir/link.txt --verbose=1
/usr/bin/cc       CMakeFiles/cmTC_539be.dir/CheckSymbolExists.c.o  -o cmTC_539be -rdynamic 
CMakeFiles/cmTC_539be.dir/CheckSymbolExists.c.o: In function `main':
CheckSymbolExists.c:(.text+0x16): undefined reference to `pthread_create'
collect2: error: ld returned 1 exit status
CMakeFiles/cmTC_539be.dir/build.make:97: recipe for target 'cmTC_539be' failed
make[1]: *** [cmTC_539be] Error 1
make[1]: Leaving directory '/home/jameshoi/ROS/smartcar/build/CMakeFiles/CMakeTmp'
Makefile:126: recipe for target 'cmTC_539be/fast' failed
make: *** [cmTC_539be/fast] Error 2

File /home/jameshoi/ROS/smartcar/build/CMakeFiles/CMakeTmp/CheckSymbolExists.c:
/* */
#include <pthread.h>

int main(int argc, char** argv)
{
  (void)argv;
#ifndef pthread_create
  return ((int*)(&pthread_create))[argc];
#else
  (void)argc;
  return 0;
#endif
}

Determining if the function pthread_create exists in the pthreads failed with the following output:
Change Dir: /home/jameshoi/ROS/smartcar/build/CMakeFiles/CMakeTmp

Run Build Command:"/usr/bin/make" "cmTC_afd88/fast"
/usr/bin/make -f CMakeFiles/cmTC_afd88.dir/build.make CMakeFiles/cmTC_afd88.dir/build
make[1]: Entering directory '/home/jameshoi/ROS/smartcar/build/CMakeFiles/CMakeTmp'
Building C object CMakeFiles/cmTC_afd88.dir/CheckFunctionExists.c.o
/usr/bin/cc    -DCHECK_FUNCTION_EXISTS=pthread_create   -o CMakeFiles/cmTC_afd88.dir/CheckFunctionExists.c.o   -c /usr/share/cmake-3.5/Modules/CheckFunctionExists.c
Linking C executable cmTC_afd88
/usr/bin/cmake -E cmake_link_script CMakeFiles/cmTC_afd88.dir/link.txt --verbose=1
/usr/bin/cc   -DCHECK_FUNCTION_EXISTS=pthread_create    CMakeFiles/cmTC_afd88.dir/CheckFunctionExists.c.o  -o cmTC_afd88 -rdynamic -lpthreads 
/usr/bin/ld: cannot find -lpthreads
collect2: error: ld returned 1 exit status
CMakeFiles/cmTC_afd88.dir/build.make:97: recipe for target 'cmTC_afd88' failed
make[1]: *** [cmTC_afd88] Error 1
make[1]: Leaving directory '/home/jameshoi/ROS/smartcar/build/CMakeFiles/CMakeTmp'
Makefile:126: recipe for target 'cmTC_afd88/fast' failed
make: *** [cmTC_afd88/fast] Error 2


